Performing C++ SOURCE FILE Test has_std_17_flag failed with the following output:
Change Dir: D:/projects/net_loom/build/CMakeFiles/CMakeTmp

Run Build Command(s):C:/PROGRA~2/MICROS~1/2019/PROFES~1/Common7/IDE/COMMON~1/MICROS~1/CMake/Ninja/ninja.exe cmTC_b8dce && [1/2] Building CXX object CMakeFiles\cmTC_b8dce.dir\src.cxx.obj
cl : Command line warning D9002 : ignoring unknown option '-std=c++17'
[2/2] Linking CXX executable cmTC_b8dce.exe


Source file was:
int main() { return 0; }
Performing C++ SOURCE FILE Test has_std_1z_flag failed with the following output:
Change Dir: D:/projects/net_loom/build/CMakeFiles/CMakeTmp

Run Build Command(s):C:/PROGRA~2/MICROS~1/2019/PROFES~1/Common7/IDE/COMMON~1/MICROS~1/CMake/Ninja/ninja.exe cmTC_8b796 && [1/2] Building CXX object CMakeFiles\cmTC_8b796.dir\src.cxx.obj
cl : Command line warning D9002 : ignoring unknown option '-std=c++1z'
[2/2] Linking CXX executable cmTC_8b796.exe


Source file was:
int main() { return 0; }
Determining if the include file pthread.h exists failed with the following output:
Change Dir: D:/projects/net_loom/build/CMakeFiles/CMakeTmp

Run Build Command(s):C:/PROGRA~2/MICROS~1/2019/PROFES~1/Common7/IDE/COMMON~1/MICROS~1/CMake/Ninja/ninja.exe cmTC_c2aa5 && [1/2] Building C object CMakeFiles\cmTC_c2aa5.dir\CheckIncludeFile.c.obj
FAILED: CMakeFiles/cmTC_c2aa5.dir/CheckIncludeFile.c.obj 
C:\PROGRA~2\MICROS~1\2019\PROFES~1\VC\Tools\MSVC\14.23.28105\bin\Hostx64\x64\cl.exe  /nologo   /DWIN32 /D_WINDOWS /W3  /MDd /Zi /Ob0 /Od /RTC1 /showIncludes /FoCMakeFiles\cmTC_c2aa5.dir\CheckIncludeFile.c.obj /FdCMakeFiles\cmTC_c2aa5.dir\ /FS -c CheckIncludeFile.c
CheckIncludeFile.c(1): fatal error C1083: Cannot open include file: 'pthread.h': No such file or directory
ninja: build stopped: subcommand failed.



Performing C++ SOURCE FILE Test COMPILER_SUPPORTS_CXX11 failed with the following output:
Change Dir: D:/projects/net_loom/build/CMakeFiles/CMakeTmp

Run Build Command(s):C:/PROGRA~2/MICROS~1/2019/PROFES~1/Common7/IDE/COMMON~1/MICROS~1/CMake/Ninja/ninja.exe cmTC_fcfe6 && [1/2] Building CXX object CMakeFiles\cmTC_fcfe6.dir\src.cxx.obj
cl : Command line warning D9002 : ignoring unknown option '-std=gnu++11'
[2/2] Linking CXX executable cmTC_fcfe6.exe


Source file was:
int main() { return 0; }
Performing C SOURCE FILE Test COMPILER_SUPPORTS_C11 failed with the following output:
Change Dir: D:/projects/net_loom/build/CMakeFiles/CMakeTmp

Run Build Command(s):C:/PROGRA~2/MICROS~1/2019/PROFES~1/Common7/IDE/COMMON~1/MICROS~1/CMake/Ninja/ninja.exe cmTC_8e182 && [1/2] Building C object CMakeFiles\cmTC_8e182.dir\src.c.obj
cl : Command line warning D9002 : ignoring unknown option '-std=gnu11'
[2/2] Linking C executable cmTC_8e182.exe


Source file was:
int main(void) { return 0; }
Determining if the function fopen exists in the ws2 failed with the following output:
Change Dir: D:/projects/net_loom/build/CMakeFiles/CMakeTmp

Run Build Command(s):C:/PROGRA~2/MICROS~1/2019/PROFES~1/Common7/IDE/COMMON~1/MICROS~1/CMake/Ninja/ninja.exe cmTC_27785 && [1/2] Building C object CMakeFiles\cmTC_27785.dir\CheckFunctionExists.c.obj
[2/2] Linking C executable cmTC_27785.exe
FAILED: cmTC_27785.exe 
cmd.exe /C "cd . && "C:\Program Files\CMake\bin\cmake.exe" -E vs_link_exe --intdir=CMakeFiles\cmTC_27785.dir --rc=C:\PROGRA~2\WI3CF2~1\10\bin\10.0.18362.0\x64\rc.exe --mt=C:\PROGRA~2\WI3CF2~1\10\bin\10.0.18362.0\x64\mt.exe --manifests  -- C:\PROGRA~2\MICROS~1\2019\PROFES~1\VC\Tools\MSVC\14.23.28105\bin\Hostx64\x64\link.exe /nologo CMakeFiles\cmTC_27785.dir\CheckFunctionExists.c.obj  /out:cmTC_27785.exe /implib:cmTC_27785.lib /pdb:cmTC_27785.pdb /version:0.0  /machine:x64  /debug /INCREMENTAL /subsystem:console  ws2.lib kernel32.lib user32.lib gdi32.lib winspool.lib shell32.lib ole32.lib oleaut32.lib uuid.lib comdlg32.lib advapi32.lib && cd ."
LINK Pass 1: command "C:\PROGRA~2\MICROS~1\2019\PROFES~1\VC\Tools\MSVC\14.23.28105\bin\Hostx64\x64\link.exe /nologo CMakeFiles\cmTC_27785.dir\CheckFunctionExists.c.obj /out:cmTC_27785.exe /implib:cmTC_27785.lib /pdb:cmTC_27785.pdb /version:0.0 /machine:x64 /debug /INCREMENTAL /subsystem:console ws2.lib kernel32.lib user32.lib gdi32.lib winspool.lib shell32.lib ole32.lib oleaut32.lib uuid.lib comdlg32.lib advapi32.lib /MANIFEST /MANIFESTFILE:CMakeFiles\cmTC_27785.dir/intermediate.manifest CMakeFiles\cmTC_27785.dir/manifest.res" failed (exit code 1104) with the following output:
LINK : fatal error LNK1104: cannot open file 'ws2.lib'
ninja: build stopped: subcommand failed.



